Virtual User Script started at : 2019/4/23 15:29:00
Starting action vuser_init.
Web Turbo Replay of LoadRunner 12.0.0 for Windows 8; build 2739 (Nov 30 2014 23:13:05)  	[MsgId: MMSG-27143]
Run mode: HTML  	[MsgId: MMSG-26993]
Run-Time Settings file: "E:\TEST\00\\default.cfg"  	[MsgId: MMSG-27141]
Warning -27070: Replay statistic collection is not supported by the WinInet Replay and is ignored  	[MsgId: MWAR-27070]
Ending action vuser_init.
Running Vuser...
Starting iteration 1.
Maximum number of concurrent connections per server: 6  	[MsgId: MMSG-26989]
Starting action Action.
Action.c(7): web_set_sockets_option started  	[MsgId: MMSG-26355]
Action.c(7): Warning -27488: web_set_sockets_option has no effect on WinInet replay  	[MsgId: MWAR-27488]
Action.c(7): web_set_sockets_option highest severity level was "warning"  	[MsgId: MMSG-26391]
Action.c(8): Notify: Transaction "login index" started.
Action.c(9): web_url("web_url") started  	[MsgId: MMSG-26355]
Action.c(9): Found resource "https://at.alicdn.com/t/font_768862_n0hetrrbii8.css" in HTML "https://center.t.dacube.cn/#/login/index"  	[MsgId: MMSG-26659]
Action.c(9): Found resource "https://center.t.dacube.cn/static/element/index.css" in HTML "https://center.t.dacube.cn/#/login/index"  	[MsgId: MMSG-26659]
Action.c(9): Found resource "https://at.alicdn.com/t/font_768862_n0hetrrbii8.js" in HTML "https://center.t.dacube.cn/#/login/index"  	[MsgId: MMSG-26659]
Action.c(9): Found resource "https://center.t.dacube.cn/static/css/app.edf99ef0.css" in HTML "https://center.t.dacube.cn/#/login/index"  	[MsgId: MMSG-26659]
Action.c(9): Found resource "https://cdn.jsdelivr.net/npm/sockjs-client@1.3.0/dist/sockjs.min.js" in HTML "https://center.t.dacube.cn/#/login/index"  	[MsgId: MMSG-26659]
Action.c(9): Found resource "https://center.t.dacube.cn/static/js/stomp.min.js" in HTML "https://center.t.dacube.cn/#/login/index"  	[MsgId: MMSG-26659]
Action.c(9): Found resource "https://center.t.dacube.cn/static/js/webim.config.js" in HTML "https://center.t.dacube.cn/#/login/index"  	[MsgId: MMSG-26659]
Action.c(9): Found resource "https://webim.easemob.com/sdk/dist/strophe-1.2.8.min.js" in HTML "https://center.t.dacube.cn/#/login/index"  	[MsgId: MMSG-26659]
Action.c(9): Found resource "https://webim.easemob.com/sdk/dist/websdk-1.4.13.js" in HTML "https://center.t.dacube.cn/#/login/index"  	[MsgId: MMSG-26659]
Action.c(9): Found resource "https://center.t.dacube.cn/static/js/EMedia_x1v1.js" in HTML "https://center.t.dacube.cn/#/login/index"  	[MsgId: MMSG-26659]
Action.c(9): Found resource "https://center.t.dacube.cn/static/js/runtime.c0a6c5aa.js" in HTML "https://center.t.dacube.cn/#/login/index"  	[MsgId: MMSG-26659]
Action.c(9): Found resource "https://center.t.dacube.cn/static/js/chunk-elementUI.f028abeb.js" in HTML "https://center.t.dacube.cn/#/login/index"  	[MsgId: MMSG-26659]
Action.c(9): Found resource "https://center.t.dacube.cn/static/js/chunk-libs.d331153a.js" in HTML "https://center.t.dacube.cn/#/login/index"  	[MsgId: MMSG-26659]
Action.c(9): Found resource "https://center.t.dacube.cn/static/js/app.5d115900.js" in HTML "https://center.t.dacube.cn/#/login/index"  	[MsgId: MMSG-26659]
Action.c(9): web_url("web_url") was successful, 3859289 body bytes, 5932 header bytes  	[MsgId: MMSG-26386]
Action.c(15): Notify: Transaction "login index" ended with a "Pass" status (Duration: 3.6092 Wasted Time: 0.2525).
Action.c(17): web_reg_save_param started  	[MsgId: MMSG-26355]
Action.c(17): Registering web_reg_save_param was successful  	[MsgId: MMSG-26390]
Action.c(23): web_reg_save_param started  	[MsgId: MMSG-26355]
Action.c(23): Registering web_reg_save_param was successful  	[MsgId: MMSG-26390]
Action.c(29): Notify: Transaction "login" started.
Action.c(30): web_custom_request("login_2") started  	[MsgId: MMSG-26355]
Action.c(30): web_custom_request("login_2") was successful, 632 body bytes, 176 header bytes  	[MsgId: MMSG-26386]
Action.c(41): Notify: Transaction "login" ended with a "Pass" status (Duration: 0.3170 Wasted Time: 0.0391).
Action.c(45): token为：ed7eb84b-29f5-4955-baba-a3c6f899b675
Action.c(46): usercode为：e729e146-f249-42e1-960d-5c1f3f60bc9a
Action.c(47): 登陆成功
Action.c(48): web_add_auto_header("token") started  	[MsgId: MMSG-26355]
Action.c(48): web_add_auto_header("token") was successful  	[MsgId: MMSG-26392]
Action.c(49): web_custom_request("ed7eb84b-29f5-4955-baba-a3c6f899b675") started  	[MsgId: MMSG-26355]
Action.c(49): HTML parsing not performed for Content-Type "application/json" ("ParseHtmlContentType" Run-Time Setting is "TEXT"). URL="https://g.t.dacube.cn/MESG-ADMIN/User/getCompanyByUsercode/e729e146-f249-42e1-960d-5c1f3f60bc9a"  	[MsgId: MMSG-26548]
Action.c(49): web_custom_request("ed7eb84b-29f5-4955-baba-a3c6f899b675") was successful, 691 body bytes, 176 header bytes  	[MsgId: MMSG-26386]
Action.c(58): web_custom_request("updateuser") started  	[MsgId: MMSG-26355]
Action.c(58): web_custom_request("updateuser") was successful, 623 body bytes, 176 header bytes  	[MsgId: MMSG-26386]
Action.c(71): web_reg_save_param started  	[MsgId: MMSG-26355]
Action.c(71): Registering web_reg_save_param was successful  	[MsgId: MMSG-26390]
Action.c(75): web_custom_request("loginapp") started  	[MsgId: MMSG-26355]
Action.c(75): web_custom_request("loginapp") was successful, 125 body bytes, 176 header bytes  	[MsgId: MMSG-26386]
Action.c(86): mrp链接为：https://mrp.t.dacube.cn/?token=ed7eb84b-29f5-4955-baba-a3c6f899b675
Action.c(87): web_url("open_mrp_web") started  	[MsgId: MMSG-26355]
Action.c(87): Found resource "https://at.alicdn.com/t/font_714965_8kve6mx526g.css" in HTML "https://mrp.t.dacube.cn/?token=ed7eb84b-29f5-4955-baba-a3c6f899b675#/"  	[MsgId: MMSG-26659]
Action.c(87): Found resource "https://mrp.t.dacube.cn/static/vendors/toastr/toastr.min.css" in HTML "https://mrp.t.dacube.cn/?token=ed7eb84b-29f5-4955-baba-a3c6f899b675#/"  	[MsgId: MMSG-26659]
Action.c(87): Found resource "https://mrp.t.dacube.cn/static/css/element.css" in HTML "https://mrp.t.dacube.cn/?token=ed7eb84b-29f5-4955-baba-a3c6f899b675#/"  	[MsgId: MMSG-26659]
Action.c(87): Found resource "https://mrp.t.dacube.cn/static/vendors/jPlayer-2.9.1/skin/blue.monday/jplayer.blue.monday.css" in HTML "https://mrp.t.dacube.cn/?token=ed7eb84b-29f5-4955-baba-a3c6f899b675#/"  	[MsgId: MMSG-26659]
Action.c(87): Found resource "https://mrp.t.dacube.cn/app.66d38dcda9fb7ec09e344fa1de4e32fd.css" in HTML "https://mrp.t.dacube.cn/?token=ed7eb84b-29f5-4955-baba-a3c6f899b675#/"  	[MsgId: MMSG-26659]
Action.c(87): Found resource "https://mrp.t.dacube.cn/static/css/app.66d38dcda9fb7ec09e344fa1de4e32fd.css" in HTML "https://mrp.t.dacube.cn/?token=ed7eb84b-29f5-4955-baba-a3c6f899b675#/"  	[MsgId: MMSG-26659]
Action.c(87): Found resource "https://mrp.t.dacube.cn/static/vendors/ueditor/ueditor.config.js" in HTML "https://mrp.t.dacube.cn/?token=ed7eb84b-29f5-4955-baba-a3c6f899b675#/"  	[MsgId: MMSG-26659]
Action.c(87): Found resource "https://mrp.t.dacube.cn/static/vendors/ueditor/ueditor.all.js" in HTML "https://mrp.t.dacube.cn/?token=ed7eb84b-29f5-4955-baba-a3c6f899b675#/"  	[MsgId: MMSG-26659]
Action.c(87): Found resource "https://mrp.t.dacube.cn/static/vendors/jquery/jquery.min.js" in HTML "https://mrp.t.dacube.cn/?token=ed7eb84b-29f5-4955-baba-a3c6f899b675#/"  	[MsgId: MMSG-26659]
Action.c(87): Found resource "https://mrp.t.dacube.cn/static/vendors/jquery/jquery.PrintArea.js" in HTML "https://mrp.t.dacube.cn/?token=ed7eb84b-29f5-4955-baba-a3c6f899b675#/"  	[MsgId: MMSG-26659]
Action.c(87): Found resource "https://mrp.t.dacube.cn/static/vendors/toastr/toastr.min.js" in HTML "https://mrp.t.dacube.cn/?token=ed7eb84b-29f5-4955-baba-a3c6f899b675#/"  	[MsgId: MMSG-26659]
Action.c(87): Found resource "https://mrp.t.dacube.cn/static/vendors/niceScroll/jquery.nicescroll.min.js" in HTML "https://mrp.t.dacube.cn/?token=ed7eb84b-29f5-4955-baba-a3c6f899b675#/"  	[MsgId: MMSG-26659]
Action.c(87): Found resource "https://mrp.t.dacube.cn/static/vendors/jPlayer-2.9.1/distone/jplayer/jquery.jplayer.min.js" in HTML "https://mrp.t.dacube.cn/?token=ed7eb84b-29f5-4955-baba-a3c6f899b675#/"  	[MsgId: MMSG-26659]
Action.c(87): Found resource "https://mrp.t.dacube.cn/static/vendors/aliyunvideo/es6-promise.min.js" in HTML "https://mrp.t.dacube.cn/?token=ed7eb84b-29f5-4955-baba-a3c6f899b675#/"  	[MsgId: MMSG-26659]
Action.c(87): Found resource "https://mrp.t.dacube.cn/static/vendors/aliyunvideo/aliyun-oss-sdk-5.2.0.min.js" in HTML "https://mrp.t.dacube.cn/?token=ed7eb84b-29f5-4955-baba-a3c6f899b675#/"  	[MsgId: MMSG-26659]
Action.c(87): Found resource "https://mrp.t.dacube.cn/static/vendors/aliyunvideo/aliyun-upload-sdk-1.4.0.min.js" in HTML "https://mrp.t.dacube.cn/?token=ed7eb84b-29f5-4955-baba-a3c6f899b675#/"  	[MsgId: MMSG-26659]
Action.c(87): Found resource "https://mrp.t.dacube.cn/static/js/manifest.2ae2e69a05c33dfc65f8.js" in HTML "https://mrp.t.dacube.cn/?token=ed7eb84b-29f5-4955-baba-a3c6f899b675#/"  	[MsgId: MMSG-26659]
Action.c(87): Found resource "https://mrp.t.dacube.cn/static/js/vendor.a70ebb0a1e1197dcd8c5.js" in HTML "https://mrp.t.dacube.cn/?token=ed7eb84b-29f5-4955-baba-a3c6f899b675#/"  	[MsgId: MMSG-26659]
Action.c(87): Found resource "https://mrp.t.dacube.cn/static/js/app.b3a7a5b7eaef7e77092d.js" in HTML "https://mrp.t.dacube.cn/?token=ed7eb84b-29f5-4955-baba-a3c6f899b675#/"  	[MsgId: MMSG-26659]
Action.c(87): web_url("open_mrp_web") was successful, 5560481 body bytes, 5603 header bytes  	[MsgId: MMSG-26386]
Action.c(107): web_reg_save_param started  	[MsgId: MMSG-26355]
Action.c(107): Registering web_reg_save_param was successful  	[MsgId: MMSG-26390]
Action.c(113): web_custom_request("createfolder") started  	[MsgId: MMSG-26355]
Action.c(113): web_custom_request("createfolder") was successful, 558 body bytes, 176 header bytes  	[MsgId: MMSG-26386]
Action.c(124): folderid为：ba1f031e-36e5-4a6c-a4d7-927f1b663b60
Action.c(125): folderid2为：{Folderid2}
Action.c(101): web_reg_save_param started  	[MsgId: MMSG-26355]
Action.c(101): Registering web_reg_save_param was successful  	[MsgId: MMSG-26390]
Action.c(113): web_custom_request("createfolder") started  	[MsgId: MMSG-26355]
Action.c(113): web_custom_request("createfolder") was successful, 558 body bytes, 176 header bytes  	[MsgId: MMSG-26386]
Action.c(124): folderid为：ba1f031e-36e5-4a6c-a4d7-927f1b663b60
Action.c(125): folderid2为：c32451bb-7098-40d2-9fc8-9fb6f7a6be04
Action.c(107): web_reg_save_param started  	[MsgId: MMSG-26355]
Action.c(107): Registering web_reg_save_param was successful  	[MsgId: MMSG-26390]
Action.c(113): web_custom_request("createfolder") started  	[MsgId: MMSG-26355]
Action.c(113): web_custom_request("createfolder") was successful, 558 body bytes, 176 header bytes  	[MsgId: MMSG-26386]
Action.c(124): folderid为：9bc6a44a-ed73-416d-b939-51a68d359175
Action.c(125): folderid2为：c32451bb-7098-40d2-9fc8-9fb6f7a6be04
Action.c(141): web_custom_request("createfolder") started  	[MsgId: MMSG-26355]
Action.c(141): web_custom_request("createfolder") was successful, 476 body bytes, 176 header bytes  	[MsgId: MMSG-26386]
Action.c(154): web_custom_request("add_article") started  	[MsgId: MMSG-26355]
Action.c(154): web_custom_request("add_article") was successful, 1411 body bytes, 176 header bytes  	[MsgId: MMSG-26386]
Ending action Action.
Ending iteration 1.
Ending Vuser...
Starting action vuser_end.
Ending action vuser_end.
Vuser Terminated.
